2023-12-06 12:05:53:152  [TID 13528   ][INFO      ] Default Logger initialized [dmvcframework]
2023-12-06 12:05:53:152  [TID 13528   ][INFO      ] Server started on port 8080 [dmvcframework]
2023-12-06 12:05:53:242  [TID 13528   ][INFO      ] Server started on port 8080 [dmvcframework]
2023-12-06 12:05:59:450  [TID 11140   ][INFO      ] ENTER: Config default values [dmvcframework]
2023-12-06 12:05:59:450  [TID 11140   ][INFO      ] EXIT: Config default values [dmvcframework]
2023-12-06 12:05:59:450  [TID 11140   ][INFO      ] >> Custom configuration method [dmvcframework]
2023-12-06 12:05:59:450  [TID 11140   ][INFO      ] << Custom configuration method [dmvcframework]
2023-12-06 12:05:59:450  [TID 11140   ][INFO      ] ENTER: LoadSystemControllers [dmvcframework]
2023-12-06 12:05:59:450  [TID 11140   ][INFO      ] EXIT: LoadSystemControllers [dmvcframework]
2023-12-06 12:05:59:452  [TID 11140   ][INFO      ] OPTIONS:/Utente/GetList/ [192.168.134.247] -> {NOT FOUND} - 404 Not Found [dmvcframework]
2023-12-06 12:06:01:833  [TID 11140   ][ERROR     ] [EMVCException] Not Found [PathInfo "OPTIONS /Utente/GetList/"] (Custom message: "OPTIONS /Utente/GetList/") [dmvcframework]
2023-12-06 12:13:06:453  [TID 22592   ][INFO      ] Default Logger initialized [dmvcframework]
2023-12-06 12:13:06:453  [TID 22592   ][INFO      ] Server started on port 8080 [dmvcframework]
2023-12-06 12:13:06:552  [TID 22592   ][INFO      ] Server started on port 8080 [dmvcframework]
2023-12-06 12:13:07:570  [TID 23292   ][INFO      ] ENTER: Config default values [dmvcframework]
2023-12-06 12:13:07:570  [TID 23292   ][INFO      ] EXIT: Config default values [dmvcframework]
2023-12-06 12:13:07:570  [TID 23292   ][INFO      ] >> Custom configuration method [dmvcframework]
2023-12-06 12:13:07:570  [TID 23292   ][INFO      ] << Custom configuration method [dmvcframework]
2023-12-06 12:13:07:570  [TID 23292   ][INFO      ] ENTER: LoadSystemControllers [dmvcframework]
2023-12-06 12:13:07:570  [TID 23292   ][INFO      ] EXIT: LoadSystemControllers [dmvcframework]
2023-12-06 12:13:07:570  [TID 23292   ][INFO      ] OPTIONS:/Utente/GetList/ [192.168.134.247] -> {NOT FOUND} - 404 Not Found [dmvcframework]
2023-12-06 12:13:11:921  [TID 23292   ][ERROR     ] [EMVCException] Not Found [PathInfo "OPTIONS /Utente/GetList/"] (Custom message: "OPTIONS /Utente/GetList/") [dmvcframework]
2023-12-06 12:16:46:178  [TID 15500   ][INFO      ] Default Logger initialized [dmvcframework]
2023-12-06 12:16:46:178  [TID 15500   ][INFO      ] Server started on port 8080 [dmvcframework]
2023-12-06 12:16:46:275  [TID 15500   ][INFO      ] Server started on port 8080 [dmvcframework]
2023-12-06 12:16:51:130  [TID 23752   ][INFO      ] ENTER: Config default values [dmvcframework]
2023-12-06 12:16:51:130  [TID 23752   ][INFO      ] EXIT: Config default values [dmvcframework]
2023-12-06 12:16:51:130  [TID 23752   ][INFO      ] >> Custom configuration method [dmvcframework]
2023-12-06 12:16:51:130  [TID 23752   ][INFO      ] << Custom configuration method [dmvcframework]
2023-12-06 12:16:51:130  [TID 23752   ][INFO      ] ENTER: LoadSystemControllers [dmvcframework]
2023-12-06 12:16:51:130  [TID 23752   ][INFO      ] EXIT: LoadSystemControllers [dmvcframework]
2023-12-06 12:16:52:508  [TID 17360   ][INFO      ] GET:/Utente/GetList/ [192.168.134.247] -> Maincontroller.TApp1MainController.GetListUtenti - 200 OK [dmvcframework]
2023-12-06 12:17:54:586  [TID 8320    ][INFO      ] GET:/Utente/Aggiungi/[object HTMLInputElement]/null/[object HTMLInputElement]/[object HTMLInputElement]/[object HTMLInputElement] [192.168.134.247] -> {NOT FOUND} - 404 Not Found [dmvcframework]
2023-12-06 12:18:14:399  [TID 8320    ][ERROR     ] [EMVCException] Not Found [PathInfo "GET /Utente/Aggiungi/[object HTMLInputElement]/null/[object HTMLInputElement]/[object HTMLInputElement]/[object HTMLInputElement]"] (Custom message: "GET /Utente/Aggiungi/[object HTMLInputElement]/null/[object HTMLInputElement]/[object HTMLInputElement]/[object HTMLInputElement]") [dmvcframework]
2023-12-06 12:18:14:630  [TID 10200   ][INFO      ] ENTER: Config default values [dmvcframework]
2023-12-06 12:18:14:630  [TID 10200   ][INFO      ] EXIT: Config default values [dmvcframework]
2023-12-06 12:18:14:632  [TID 10200   ][INFO      ] >> Custom configuration method [dmvcframework]
2023-12-06 12:18:14:632  [TID 10200   ][INFO      ] << Custom configuration method [dmvcframework]
2023-12-06 12:18:14:632  [TID 760     ][INFO      ] GET:/Utente/Aggiungi/[object HTMLInputElement]/null/[object HTMLInputElement]/[object HTMLInputElement]/[object HTMLInputElement] [192.168.134.247] -> {NOT FOUND} - 404 Not Found [dmvcframework]
2023-12-06 12:18:14:632  [TID 10200   ][INFO      ] ENTER: LoadSystemControllers [dmvcframework]
2023-12-06 12:18:14:632  [TID 10200   ][INFO      ] EXIT: LoadSystemControllers [dmvcframework]
2023-12-06 12:18:16:522  [TID 760     ][ERROR     ] [EMVCException] Not Found [PathInfo "GET /Utente/Aggiungi/[object HTMLInputElement]/null/[object HTMLInputElement]/[object HTMLInputElement]/[object HTMLInputElement]"] (Custom message: "GET /Utente/Aggiungi/[object HTMLInputElement]/null/[object HTMLInputElement]/[object HTMLInputElement]/[object HTMLInputElement]") [dmvcframework]
2023-12-06 12:18:16:528  [TID 24572   ][INFO      ] ENTER: Config default values [dmvcframework]
2023-12-06 12:18:16:528  [TID 24572   ][INFO      ] EXIT: Config default values [dmvcframework]
2023-12-06 12:18:16:528  [TID 24572   ][INFO      ] >> Custom configuration method [dmvcframework]
2023-12-06 12:18:16:528  [TID 24572   ][INFO      ] << Custom configuration method [dmvcframework]
2023-12-06 12:18:16:528  [TID 24572   ][INFO      ] ENTER: LoadSystemControllers [dmvcframework]
2023-12-06 12:18:16:528  [TID 24572   ][INFO      ] EXIT: LoadSystemControllers [dmvcframework]
2023-12-06 12:18:16:534  [TID 3576    ][INFO      ] ENTER: Config default values [dmvcframework]
2023-12-06 12:18:16:534  [TID 3576    ][INFO      ] EXIT: Config default values [dmvcframework]
2023-12-06 12:18:16:534  [TID 3576    ][INFO      ] >> Custom configuration method [dmvcframework]
2023-12-06 12:18:16:534  [TID 3576    ][INFO      ] << Custom configuration method [dmvcframework]
2023-12-06 12:18:16:534  [TID 3576    ][INFO      ] ENTER: LoadSystemControllers [dmvcframework]
2023-12-06 12:18:16:534  [TID 3576    ][INFO      ] EXIT: LoadSystemControllers [dmvcframework]
2023-12-06 12:18:16:534  [TID 10200   ][INFO      ] GET:/Utente/Aggiungi/[object HTMLInputElement]/null/[object HTMLInputElement]/[object HTMLInputElement]/[object HTMLInputElement] [192.168.134.247] -> {NOT FOUND} - 404 Not Found [dmvcframework]
2023-12-06 12:18:18:058  [TID 10200   ][ERROR     ] [EMVCException] Not Found [PathInfo "GET /Utente/Aggiungi/[object HTMLInputElement]/null/[object HTMLInputElement]/[object HTMLInputElement]/[object HTMLInputElement]"] (Custom message: "GET /Utente/Aggiungi/[object HTMLInputElement]/null/[object HTMLInputElement]/[object HTMLInputElement]/[object HTMLInputElement]") [dmvcframework]
2023-12-06 12:18:18:059  [TID 24572   ][INFO      ] GET:/Utente/Aggiungi/[object HTMLInputElement]/null/[object HTMLInputElement]/[object HTMLInputElement]/[object HTMLInputElement] [192.168.134.247] -> {NOT FOUND} - 404 Not Found [dmvcframework]
2023-12-06 12:18:18:059  [TID 9604    ][INFO      ] ENTER: Config default values [dmvcframework]
2023-12-06 12:18:18:059  [TID 9604    ][INFO      ] EXIT: Config default values [dmvcframework]
2023-12-06 12:18:18:761  [TID 24572   ][ERROR     ] [EMVCException] Not Found [PathInfo "GET /Utente/Aggiungi/[object HTMLInputElement]/null/[object HTMLInputElement]/[object HTMLInputElement]/[object HTMLInputElement]"] (Custom message: "GET /Utente/Aggiungi/[object HTMLInputElement]/null/[object HTMLInputElement]/[object HTMLInputElement]/[object HTMLInputElement]") [dmvcframework]
2023-12-06 12:18:18:761  [TID 9604    ][INFO      ] >> Custom configuration method [dmvcframework]
2023-12-06 12:18:18:761  [TID 9604    ][INFO      ] << Custom configuration method [dmvcframework]
2023-12-06 12:18:18:761  [TID 9604    ][INFO      ] ENTER: LoadSystemControllers [dmvcframework]
2023-12-06 12:18:18:761  [TID 9604    ][INFO      ] EXIT: LoadSystemControllers [dmvcframework]
2023-12-06 12:18:18:847  [TID 3576    ][INFO      ] GET:/Utente/Aggiungi/[object HTMLInputElement]/null/[object HTMLInputElement]/[object HTMLInputElement]/[object HTMLInputElement] [192.168.134.247] -> {NOT FOUND} - 404 Not Found [dmvcframework]
2023-12-06 12:18:20:017  [TID 3576    ][ERROR     ] [EMVCException] Not Found [PathInfo "GET /Utente/Aggiungi/[object HTMLInputElement]/null/[object HTMLInputElement]/[object HTMLInputElement]/[object HTMLInputElement]"] (Custom message: "GET /Utente/Aggiungi/[object HTMLInputElement]/null/[object HTMLInputElement]/[object HTMLInputElement]/[object HTMLInputElement]") [dmvcframework]
2023-12-06 12:18:20:049  [TID 9604    ][INFO      ] GET:/Utente/Aggiungi/[object HTMLInputElement]/null/[object HTMLInputElement]/[object HTMLInputElement]/[object HTMLInputElement] [192.168.134.247] -> {NOT FOUND} - 404 Not Found [dmvcframework]
2023-12-06 12:18:21:009  [TID 9604    ][ERROR     ] [EMVCException] Not Found [PathInfo "GET /Utente/Aggiungi/[object HTMLInputElement]/null/[object HTMLInputElement]/[object HTMLInputElement]/[object HTMLInputElement]"] (Custom message: "GET /Utente/Aggiungi/[object HTMLInputElement]/null/[object HTMLInputElement]/[object HTMLInputElement]/[object HTMLInputElement]") [dmvcframework]
2023-12-06 12:19:29:790  [TID 6592    ][INFO      ] POST:/Utente/Aggiungi/[object HTMLInputElement]/null/[object HTMLInputElement]/[object HTMLInputElement]/[object HTMLInputElement] [192.168.134.247] -> Maincontroller.TApp1MainController.AggiungiUtente - 200 OK [dmvcframework]
2023-12-06 12:20:07:512  [TID 16132   ][INFO      ] POST:/Utente/Aggiungi/[object HTMLInputElement]/null/[object HTMLInputElement]/[object HTMLInputElement]/[object HTMLInputElement] [192.168.134.247] -> Maincontroller.TApp1MainController.AggiungiUtente - 200 OK [dmvcframework]
2023-12-06 12:20:07:588  [TID 2536    ][INFO      ] POST:/Utente/Aggiungi/[object HTMLInputElement]/null/[object HTMLInputElement]/[object HTMLInputElement]/[object HTMLInputElement] [192.168.134.247] -> Maincontroller.TApp1MainController.AggiungiUtente - 200 OK [dmvcframework]
2023-12-06 12:20:07:799  [TID 20840   ][INFO      ] POST:/Utente/Aggiungi/[object HTMLInputElement]/null/[object HTMLInputElement]/[object HTMLInputElement]/[object HTMLInputElement] [192.168.134.247] -> Maincontroller.TApp1MainController.AggiungiUtente - 200 OK [dmvcframework]
2023-12-06 12:20:08:108  [TID 20896   ][INFO      ] POST:/Utente/Aggiungi/[object HTMLInputElement]/null/[object HTMLInputElement]/[object HTMLInputElement]/[object HTMLInputElement] [192.168.134.247] -> Maincontroller.TApp1MainController.AggiungiUtente - 200 OK [dmvcframework]
2023-12-06 12:20:08:260  [TID 11288   ][INFO      ] POST:/Utente/Aggiungi/[object HTMLInputElement]/null/[object HTMLInputElement]/[object HTMLInputElement]/[object HTMLInputElement] [192.168.134.247] -> Maincontroller.TApp1MainController.AggiungiUtente - 200 OK [dmvcframework]
2023-12-06 12:25:06:966  [TID 17808   ][INFO      ] POST:/Utente/Aggiungi/Farid/MAmmt/farid@unisa.it/4516/[object HTMLInputElement] [192.168.134.247] -> Maincontroller.TApp1MainController.AggiungiUtente - 200 OK [dmvcframework]
2023-12-06 12:31:06:835  [TID 8580    ][INFO      ] POST:/Utente/Aggiungi/Marco Antonio/giangiacomo/ma@t.com/11111/nessunPermesso [192.168.134.247] -> Maincontroller.TApp1MainController.AggiungiUtente - 200 OK [dmvcframework]
2023-12-06 12:36:13:844  [TID 21040   ][INFO      ] Default Logger initialized [dmvcframework]
2023-12-06 12:36:13:870  [TID 21040   ][INFO      ] Server started on port 8080 [dmvcframework]
2023-12-06 12:36:13:948  [TID 21040   ][INFO      ] Server started on port 8080 [dmvcframework]
2023-12-06 12:40:34:263  [TID 21676   ][INFO      ] ENTER: Config default values [dmvcframework]
2023-12-06 12:40:34:263  [TID 21676   ][INFO      ] EXIT: Config default values [dmvcframework]
2023-12-06 12:40:34:263  [TID 21676   ][INFO      ] >> Custom configuration method [dmvcframework]
2023-12-06 12:40:34:263  [TID 21676   ][INFO      ] << Custom configuration method [dmvcframework]
2023-12-06 12:40:34:263  [TID 21676   ][INFO      ] ENTER: LoadSystemControllers [dmvcframework]
2023-12-06 12:40:34:263  [TID 21676   ][INFO      ] EXIT: LoadSystemControllers [dmvcframework]
2023-12-06 12:40:34:595  [TID 21676   ][INFO      ] POST:/Utente/Aggiungi/Perla/Madonna/p@t.com/55555/amministratore [192.168.134.247] -> Maincontroller.TApp1MainController.AggiungiUtente - 200 OK [dmvcframework]
2023-12-06 12:40:44:456  [TID 17944   ][INFO      ] POST:/Utente/Aggiungi/Perla/Madonna/p@t.com/55555/amministratore [192.168.134.247] -> Maincontroller.TApp1MainController.AggiungiUtente - 200 OK [dmvcframework]
2023-12-06 12:40:52:899  [TID 23144   ][INFO      ] POST:/Utente/Aggiungi/Perla/Madonna/p@t.com/55555/amministratore [192.168.134.247] -> Maincontroller.TApp1MainController.AggiungiUtente - 200 OK [dmvcframework]
2023-12-06 12:40:56:746  [TID 20324   ][INFO      ] POST:/Utente/Aggiungi/Perla/Madonna/p@t.com/55555/amministratore [192.168.134.247] -> Maincontroller.TApp1MainController.AggiungiUtente - 200 OK [dmvcframework]
2023-12-06 12:40:58:799  [TID 22792   ][INFO      ] POST:/Utente/Aggiungi/Perla/Madonna/p@t.com/55555/amministratore [192.168.134.247] -> Maincontroller.TApp1MainController.AggiungiUtente - 200 OK [dmvcframework]
2023-12-06 12:41:00:464  [TID 3520    ][INFO      ] POST:/Utente/Aggiungi/Perla/Madonna/p@t.com/55555/amministratore [192.168.134.247] -> Maincontroller.TApp1MainController.AggiungiUtente - 200 OK [dmvcframework]
2023-12-06 12:41:01:828  [TID 18204   ][INFO      ] POST:/Utente/Aggiungi/Perla/Madonna/p@t.com/55555/amministratore [192.168.134.247] -> Maincontroller.TApp1MainController.AggiungiUtente - 200 OK [dmvcframework]
2023-12-06 12:41:03:270  [TID 16484   ][INFO      ] POST:/Utente/Aggiungi/Perla/Madonna/p@t.com/55555/amministratore [192.168.134.247] -> Maincontroller.TApp1MainController.AggiungiUtente - 200 OK [dmvcframework]
2023-12-06 12:41:04:560  [TID 5876    ][INFO      ] POST:/Utente/Aggiungi/Perla/Madonna/p@t.com/55555/amministratore [192.168.134.247] -> Maincontroller.TApp1MainController.AggiungiUtente - 200 OK [dmvcframework]
2023-12-06 12:45:00:083  [TID 15108   ][INFO      ] Default Logger initialized [dmvcframework]
2023-12-06 12:45:00:083  [TID 15108   ][INFO      ] Server started on port 8080 [dmvcframework]
2023-12-06 12:45:00:175  [TID 15108   ][INFO      ] Server started on port 8080 [dmvcframework]
2023-12-06 12:45:41:369  [TID 5148    ][INFO      ] ENTER: Config default values [dmvcframework]
2023-12-06 12:45:41:369  [TID 5148    ][INFO      ] EXIT: Config default values [dmvcframework]
2023-12-06 12:45:41:369  [TID 5148    ][INFO      ] >> Custom configuration method [dmvcframework]
2023-12-06 12:45:41:369  [TID 5148    ][INFO      ] << Custom configuration method [dmvcframework]
2023-12-06 12:45:41:369  [TID 5148    ][INFO      ] ENTER: LoadSystemControllers [dmvcframework]
2023-12-06 12:45:41:369  [TID 5148    ][INFO      ] EXIT: LoadSystemControllers [dmvcframework]
2023-12-06 12:45:41:579  [TID 5148    ][INFO      ] POST:/Utente/Aggiungi/Leon/Cino/leon@t.com/66666/nessunPermesso [192.168.134.247] -> Maincontroller.TApp1MainController.AggiungiUtente - 200 OK [dmvcframework]
2023-12-06 12:50:54:127  [TID 21084   ][INFO      ] Default Logger initialized [dmvcframework]
2023-12-06 12:50:54:127  [TID 21084   ][INFO      ] Server started on port 8080 [dmvcframework]
2023-12-06 12:50:54:216  [TID 21084   ][INFO      ] Server started on port 8080 [dmvcframework]
2023-12-06 12:57:17:836  [TID 21628   ][INFO      ] ENTER: Config default values [dmvcframework]
2023-12-06 12:57:17:836  [TID 21628   ][INFO      ] EXIT: Config default values [dmvcframework]
2023-12-06 12:57:17:836  [TID 21628   ][INFO      ] >> Custom configuration method [dmvcframework]
2023-12-06 12:57:17:836  [TID 21628   ][INFO      ] << Custom configuration method [dmvcframework]
2023-12-06 12:57:17:836  [TID 21628   ][INFO      ] ENTER: LoadSystemControllers [dmvcframework]
2023-12-06 12:57:17:836  [TID 21628   ][INFO      ] EXIT: LoadSystemControllers [dmvcframework]
2023-12-06 12:57:18:750  [TID 21628   ][INFO      ] GET:/Utente/GetList/ [192.168.134.247] -> Maincontroller.TApp1MainController.GetListUtenti - 200 OK [dmvcframework]
2023-12-06 12:57:22:359  [TID 20780   ][INFO      ] GET:/Utente/GetList/ [192.168.134.247] -> Maincontroller.TApp1MainController.GetListUtenti - 200 OK [dmvcframework]
2023-12-06 15:10:10:352  [TID 15476   ][INFO      ] Default Logger initialized [dmvcframework]
2023-12-06 15:10:10:353  [TID 15476   ][INFO      ] Server started on port 8080 [dmvcframework]
2023-12-06 15:10:10:462  [TID 15476   ][INFO      ] Server started on port 8080 [dmvcframework]
2023-12-06 15:10:13:752  [TID 6312    ][INFO      ] ENTER: Config default values [dmvcframework]
2023-12-06 15:10:13:752  [TID 6312    ][INFO      ] EXIT: Config default values [dmvcframework]
2023-12-06 15:10:13:752  [TID 6312    ][INFO      ] >> Custom configuration method [dmvcframework]
2023-12-06 15:10:13:752  [TID 6312    ][INFO      ] << Custom configuration method [dmvcframework]
2023-12-06 15:10:13:752  [TID 6312    ][INFO      ] ENTER: LoadSystemControllers [dmvcframework]
2023-12-06 15:10:13:752  [TID 6312    ][INFO      ] EXIT: LoadSystemControllers [dmvcframework]
2023-12-06 15:10:13:752  [TID 6312    ][INFO      ] GET:/LogIn/abdul@t.com/02046 [0:0:0:0:0:0:0:1] -> {NOT FOUND} - 404 Not Found [dmvcframework]
2023-12-06 15:10:18:469  [TID 6312    ][ERROR     ] [EMVCException] Not Found [PathInfo "GET /LogIn/abdul@t.com/02046"] (Custom message: "GET /LogIn/abdul@t.com/02046") [dmvcframework]
2023-12-06 15:10:27:920  [TID 12080   ][INFO      ] POST:/LogIn/abdul@t.com/02046 [0:0:0:0:0:0:0:1] -> Maincontroller.TApp1MainController.LogIn - 200 OK [dmvcframework]
2023-12-06 15:11:49:660  [TID 22684   ][ERROR     ] [EAccessViolation] Access violation at address 04030CE0. Execution of address 04030CE0 [PathInfo "POST /LogIn/abdul@t.com/02047"] (Custom message: "Global Action Exception Handler") [dmvcframework]
2023-12-06 15:12:28:987  [TID 15712   ][INFO      ] Default Logger initialized [dmvcframework]
2023-12-06 15:12:28:987  [TID 15712   ][INFO      ] Server started on port 8080 [dmvcframework]
2023-12-06 15:12:29:097  [TID 15712   ][INFO      ] Server started on port 8080 [dmvcframework]
2023-12-06 15:12:33:192  [TID 10488   ][INFO      ] ENTER: Config default values [dmvcframework]
2023-12-06 15:12:33:192  [TID 10488   ][INFO      ] EXIT: Config default values [dmvcframework]
2023-12-06 15:12:33:192  [TID 10488   ][INFO      ] >> Custom configuration method [dmvcframework]
2023-12-06 15:12:33:192  [TID 10488   ][INFO      ] << Custom configuration method [dmvcframework]
2023-12-06 15:12:33:192  [TID 10488   ][INFO      ] ENTER: LoadSystemControllers [dmvcframework]
2023-12-06 15:12:33:192  [TID 10488   ][INFO      ] EXIT: LoadSystemControllers [dmvcframework]
2023-12-06 15:12:36:156  [TID 10488   ][ERROR     ] [EAccessViolation] Access violation at address 044C0CE0. Execution of address 044C0CE0 [PathInfo "POST /LogIn/abdul@t.com/02047"] (Custom message: "Global Action Exception Handler") [dmvcframework]
2023-12-06 15:14:27:391  [TID 17932   ][INFO      ] Default Logger initialized [dmvcframework]
2023-12-06 15:14:27:391  [TID 17932   ][INFO      ] Server started on port 8080 [dmvcframework]
2023-12-06 15:14:27:500  [TID 17932   ][INFO      ] Server started on port 8080 [dmvcframework]
2023-12-06 15:14:30:444  [TID 7368    ][INFO      ] ENTER: Config default values [dmvcframework]
2023-12-06 15:14:30:444  [TID 7368    ][INFO      ] EXIT: Config default values [dmvcframework]
2023-12-06 15:14:30:444  [TID 7368    ][INFO      ] >> Custom configuration method [dmvcframework]
2023-12-06 15:14:30:444  [TID 7368    ][INFO      ] << Custom configuration method [dmvcframework]
2023-12-06 15:14:30:444  [TID 7368    ][INFO      ] ENTER: LoadSystemControllers [dmvcframework]
2023-12-06 15:14:30:444  [TID 7368    ][INFO      ] EXIT: LoadSystemControllers [dmvcframework]
2023-12-06 15:15:31:198  [TID 7368    ][ERROR     ] [EAccessViolation] Access violation at address 03BF0CE0. Execution of address 03BF0CE0 [PathInfo "POST /LogIn/abdul@t.com/02047"] (Custom message: "Global Action Exception Handler") [dmvcframework]
2023-12-06 15:20:51:449  [TID 16512   ][INFO      ] Default Logger initialized [dmvcframework]
2023-12-06 15:20:51:449  [TID 16512   ][INFO      ] Server started on port 8080 [dmvcframework]
2023-12-06 15:20:51:524  [TID 16512   ][INFO      ] Server started on port 8080 [dmvcframework]
2023-12-06 15:20:53:061  [TID 19736   ][INFO      ] ENTER: Config default values [dmvcframework]
2023-12-06 15:20:53:061  [TID 19736   ][INFO      ] EXIT: Config default values [dmvcframework]
2023-12-06 15:20:53:061  [TID 19736   ][INFO      ] >> Custom configuration method [dmvcframework]
2023-12-06 15:20:53:061  [TID 19736   ][INFO      ] << Custom configuration method [dmvcframework]
2023-12-06 15:20:53:063  [TID 19736   ][INFO      ] ENTER: LoadSystemControllers [dmvcframework]
2023-12-06 15:20:53:063  [TID 19736   ][INFO      ] EXIT: LoadSystemControllers [dmvcframework]
2023-12-06 15:21:32:522  [TID 19736   ][ERROR     ] [EAccessViolation] Access violation at address 040F0CE0. Execution of address 040F0CE0 [PathInfo "POST /LogIn/abdul@t.com/02047"] (Custom message: "Global Action Exception Handler") [dmvcframework]
2023-12-06 15:22:11:073  [TID 11024   ][ERROR     ] [EAccessViolation] Access violation at address 040F0CE0. Execution of address 040F0CE0 [PathInfo "POST /LogIn/abdul@t.com/02047"] (Custom message: "Global Action Exception Handler") [dmvcframework]
2023-12-06 15:22:57:860  [TID 17044   ][INFO      ] Default Logger initialized [dmvcframework]
2023-12-06 15:22:57:874  [TID 17044   ][INFO      ] Server started on port 8080 [dmvcframework]
2023-12-06 15:22:58:020  [TID 17044   ][INFO      ] Server started on port 8080 [dmvcframework]
2023-12-06 15:22:59:085  [TID 21212   ][INFO      ] ENTER: Config default values [dmvcframework]
2023-12-06 15:22:59:085  [TID 21212   ][INFO      ] EXIT: Config default values [dmvcframework]
2023-12-06 15:22:59:085  [TID 21212   ][INFO      ] >> Custom configuration method [dmvcframework]
2023-12-06 15:22:59:085  [TID 21212   ][INFO      ] << Custom configuration method [dmvcframework]
2023-12-06 15:22:59:085  [TID 21212   ][INFO      ] ENTER: LoadSystemControllers [dmvcframework]
2023-12-06 15:22:59:085  [TID 21212   ][INFO      ] EXIT: LoadSystemControllers [dmvcframework]
2023-12-06 15:23:21:433  [TID 21212   ][INFO      ] POST:/LogIn/abdul@t.com/02047 [0:0:0:0:0:0:0:1] -> Maincontroller.TApp1MainController.LogIn - 403 Forbidden [dmvcframework]
2023-12-06 15:24:11:600  [TID 20296   ][INFO      ] Default Logger initialized [dmvcframework]
2023-12-06 15:24:11:600  [TID 20296   ][INFO      ] Server started on port 8080 [dmvcframework]
2023-12-06 15:24:11:720  [TID 20296   ][INFO      ] Server started on port 8080 [dmvcframework]
2023-12-06 15:24:12:828  [TID 7520    ][INFO      ] ENTER: Config default values [dmvcframework]
2023-12-06 15:24:12:828  [TID 7520    ][INFO      ] EXIT: Config default values [dmvcframework]
2023-12-06 15:24:12:828  [TID 7520    ][INFO      ] >> Custom configuration method [dmvcframework]
2023-12-06 15:24:12:828  [TID 7520    ][INFO      ] << Custom configuration method [dmvcframework]
2023-12-06 15:24:12:828  [TID 7520    ][INFO      ] ENTER: LoadSystemControllers [dmvcframework]
2023-12-06 15:24:12:828  [TID 7520    ][INFO      ] EXIT: LoadSystemControllers [dmvcframework]
2023-12-06 15:24:13:200  [TID 7520    ][INFO      ] POST:/LogIn/abdul@t.com/02046 [0:0:0:0:0:0:0:1] -> Maincontroller.TApp1MainController.LogIn - 403 Forbidden [dmvcframework]
2023-12-06 15:25:14:325  [TID 4820    ][INFO      ] POST:/LogIn/Mhoamed@t.com/159753 [0:0:0:0:0:0:0:1] -> Maincontroller.TApp1MainController.LogIn - 403 Forbidden [dmvcframework]
2023-12-06 15:28:20:453  [TID 21340   ][INFO      ] Default Logger initialized [dmvcframework]
2023-12-06 15:28:20:453  [TID 21340   ][INFO      ] Server started on port 8080 [dmvcframework]
2023-12-06 15:28:20:576  [TID 21340   ][INFO      ] Server started on port 8080 [dmvcframework]
2023-12-06 15:28:30:077  [TID 17976   ][INFO      ] ENTER: Config default values [dmvcframework]
2023-12-06 15:28:30:077  [TID 17976   ][INFO      ] EXIT: Config default values [dmvcframework]
2023-12-06 15:28:30:077  [TID 17976   ][INFO      ] >> Custom configuration method [dmvcframework]
2023-12-06 15:28:30:077  [TID 17976   ][INFO      ] << Custom configuration method [dmvcframework]
2023-12-06 15:28:30:077  [TID 17976   ][INFO      ] ENTER: LoadSystemControllers [dmvcframework]
2023-12-06 15:28:30:077  [TID 17976   ][INFO      ] EXIT: LoadSystemControllers [dmvcframework]
2023-12-06 15:29:16:555  [TID 17976   ][ERROR     ] [EAccessViolation] Access violation at address 04360CE0. Execution of address 04360CE0 [PathInfo "POST /LogIn/MAoamed@t.com/159753"] (Custom message: "Global Action Exception Handler") [dmvcframework]
2023-12-06 15:29:29:838  [TID 1928    ][ERROR     ] [EAccessViolation] Access violation at address 04360CE0. Execution of address 04360CE0 [PathInfo "POST /LogIn/MAoamed@t.com/159753"] (Custom message: "Global Action Exception Handler") [dmvcframework]
2023-12-06 15:29:56:327  [TID 6012    ][ERROR     ] [EAccessViolation] Access violation at address 04360CE0. Execution of address 04360CE0 [PathInfo "POST /LogIn/MAoamed@t.com/159753"] (Custom message: "Global Action Exception Handler") [dmvcframework]
2023-12-06 15:30:47:460  [TID 7520    ][INFO      ] Default Logger initialized [dmvcframework]
2023-12-06 15:30:47:460  [TID 7520    ][INFO      ] Server started on port 8080 [dmvcframework]
2023-12-06 15:30:47:579  [TID 7520    ][INFO      ] Server started on port 8080 [dmvcframework]
2023-12-06 15:30:51:069  [TID 9220    ][INFO      ] ENTER: Config default values [dmvcframework]
2023-12-06 15:30:51:069  [TID 9220    ][INFO      ] EXIT: Config default values [dmvcframework]
2023-12-06 15:30:51:069  [TID 9220    ][INFO      ] >> Custom configuration method [dmvcframework]
2023-12-06 15:30:51:069  [TID 9220    ][INFO      ] << Custom configuration method [dmvcframework]
2023-12-06 15:30:51:069  [TID 9220    ][INFO      ] ENTER: LoadSystemControllers [dmvcframework]
2023-12-06 15:30:51:069  [TID 9220    ][INFO      ] EXIT: LoadSystemControllers [dmvcframework]
2023-12-06 15:30:51:385  [TID 9220    ][INFO      ] POST:/LogIn/MAoamed@t.com/159753 [0:0:0:0:0:0:0:1] -> Maincontroller.TApp1MainController.LogIn - 403 Forbidden [dmvcframework]
2023-12-06 15:31:52:648  [TID 23380   ][INFO      ] Default Logger initialized [dmvcframework]
2023-12-06 15:31:52:648  [TID 23380   ][INFO      ] Server started on port 8080 [dmvcframework]
2023-12-06 15:31:52:775  [TID 23380   ][INFO      ] Server started on port 8080 [dmvcframework]
2023-12-06 15:31:56:893  [TID 11088   ][INFO      ] ENTER: Config default values [dmvcframework]
2023-12-06 15:31:56:893  [TID 11088   ][INFO      ] EXIT: Config default values [dmvcframework]
2023-12-06 15:31:56:893  [TID 11088   ][INFO      ] >> Custom configuration method [dmvcframework]
2023-12-06 15:31:56:893  [TID 11088   ][INFO      ] << Custom configuration method [dmvcframework]
2023-12-06 15:31:56:893  [TID 11088   ][INFO      ] ENTER: LoadSystemControllers [dmvcframework]
2023-12-06 15:31:56:893  [TID 11088   ][INFO      ] EXIT: LoadSystemControllers [dmvcframework]
2023-12-06 15:31:57:114  [TID 11088   ][INFO      ] POST:/LogIn/MAoamed@t.com/159753 [0:0:0:0:0:0:0:1] -> Maincontroller.TApp1MainController.LogIn - 403 Forbidden [dmvcframework]
2023-12-06 15:32:03:696  [TID 13864   ][INFO      ] POST:/LogIn/Mhoamed@t.com/159753 [0:0:0:0:0:0:0:1] -> Maincontroller.TApp1MainController.LogIn - 200 OK [dmvcframework]
2023-12-06 15:40:49:111  [TID 11984   ][INFO      ] Default Logger initialized [dmvcframework]
2023-12-06 15:40:49:128  [TID 11984   ][INFO      ] Server started on port 8080 [dmvcframework]
2023-12-06 15:40:49:205  [TID 11984   ][INFO      ] Server started on port 8080 [dmvcframework]
2023-12-06 15:41:29:403  [TID 10420   ][INFO      ] ENTER: Config default values [dmvcframework]
2023-12-06 15:41:29:403  [TID 10420   ][INFO      ] EXIT: Config default values [dmvcframework]
2023-12-06 15:41:29:403  [TID 10420   ][INFO      ] >> Custom configuration method [dmvcframework]
2023-12-06 15:41:29:403  [TID 10420   ][INFO      ] << Custom configuration method [dmvcframework]
2023-12-06 15:41:29:403  [TID 10420   ][INFO      ] ENTER: LoadSystemControllers [dmvcframework]
2023-12-06 15:41:29:403  [TID 10420   ][INFO      ] EXIT: LoadSystemControllers [dmvcframework]
2023-12-06 15:41:29:635  [TID 10420   ][INFO      ] POST:/LogOut/{A653CA72-6245-4312-9DAB-FD5A9BF3F50F} [0:0:0:0:0:0:0:1] -> Maincontroller.TApp1MainController.LogOut - 200 OK [dmvcframework]
2023-12-06 15:41:50:735  [TID 23284   ][INFO      ] POST:/LogOut/{B3F704CC-8FFD-46B5-9910-E92DB61CCE65} [0:0:0:0:0:0:0:1] -> Maincontroller.TApp1MainController.LogOut - 200 OK [dmvcframework]
2023-12-06 15:42:03:414  [TID 13864   ][INFO      ] POST:/LogOut/{BBB29DF9-5F64-4BB0-A3C9-1AEA30C93B6A} [0:0:0:0:0:0:0:1] -> Maincontroller.TApp1MainController.LogOut - 200 OK [dmvcframework]
2023-12-06 15:42:20:409  [TID 24056   ][INFO      ] POST:/LogOut/{F744071A-D38C-4EB9-B634-B896BD1A8E6F} [0:0:0:0:0:0:0:1] -> Maincontroller.TApp1MainController.LogOut - 200 OK [dmvcframework]
2023-12-06 15:42:29:745  [TID 4116    ][INFO      ] POST:/LogOut/{F744071A-D38C-4EB9-B634-B896BD1A8 [0:0:0:0:0:0:0:1] -> Maincontroller.TApp1MainController.LogOut - 500 Internal Server Error [dmvcframework]
2023-12-11 12:20:16:982  [TID 22684   ][INFO      ] Default Logger initialized [dmvcframework]
2023-12-11 12:20:16:982  [TID 22684   ][INFO      ] Server started on port 8080 [dmvcframework]
2023-12-11 12:20:17:086  [TID 22684   ][INFO      ] Server started on port 8080 [dmvcframework]
2023-12-11 12:20:20:925  [TID 2544    ][INFO      ] ENTER: Config default values [dmvcframework]
2023-12-11 12:20:20:925  [TID 2544    ][INFO      ] EXIT: Config default values [dmvcframework]
2023-12-11 12:20:20:925  [TID 2544    ][INFO      ] >> Custom configuration method [dmvcframework]
2023-12-11 12:20:20:925  [TID 2544    ][INFO      ] << Custom configuration method [dmvcframework]
2023-12-11 12:20:20:925  [TID 2544    ][INFO      ] ENTER: LoadSystemControllers [dmvcframework]
2023-12-11 12:20:20:925  [TID 2544    ][INFO      ] EXIT: LoadSystemControllers [dmvcframework]
2023-12-11 12:20:22:567  [TID 2544    ][INFO      ] POST:/Utente/Aggiungi/vsdbdnc/a/a/a/a/a [0:0:0:0:0:0:0:1] -> Maincontroller.TApp1MainController.AggiungiUtente - 403 Forbidden [dmvcframework]
2023-12-11 12:21:22:278  [TID 27852   ][INFO      ] POST:/Utente/Aggiungi/ojhbfuosihnsionbs/a/a/a/a/a [0:0:0:0:0:0:0:1] -> Maincontroller.TApp1MainController.AggiungiUtente - 403 Forbidden [dmvcframework]
2023-12-11 12:22:07:078  [TID 21300   ][INFO      ] Default Logger initialized [dmvcframework]
2023-12-11 12:22:07:103  [TID 21300   ][INFO      ] Server started on port 8080 [dmvcframework]
2023-12-11 12:22:07:192  [TID 21300   ][INFO      ] Server started on port 8080 [dmvcframework]
2023-12-11 12:22:15:560  [TID 6180    ][INFO      ] ENTER: Config default values [dmvcframework]
2023-12-11 12:22:15:560  [TID 6180    ][INFO      ] EXIT: Config default values [dmvcframework]
2023-12-11 12:22:15:560  [TID 6180    ][INFO      ] >> Custom configuration method [dmvcframework]
2023-12-11 12:22:15:560  [TID 6180    ][INFO      ] << Custom configuration method [dmvcframework]
2023-12-11 12:22:15:560  [TID 6180    ][INFO      ] ENTER: LoadSystemControllers [dmvcframework]
2023-12-11 12:22:15:560  [TID 6180    ][INFO      ] EXIT: LoadSystemControllers [dmvcframework]
2023-12-11 12:24:12:422  [TID 19644   ][INFO      ] Default Logger initialized [dmvcframework]
2023-12-11 12:24:12:422  [TID 19644   ][INFO      ] Server started on port 8080 [dmvcframework]
2023-12-11 12:24:12:545  [TID 19644   ][INFO      ] Server started on port 8080 [dmvcframework]
2023-12-11 12:24:16:897  [TID 12204   ][INFO      ] ENTER: Config default values [dmvcframework]
2023-12-11 12:24:16:897  [TID 12204   ][INFO      ] EXIT: Config default values [dmvcframework]
2023-12-11 12:24:16:897  [TID 12204   ][INFO      ] >> Custom configuration method [dmvcframework]
2023-12-11 12:24:16:897  [TID 12204   ][INFO      ] << Custom configuration method [dmvcframework]
2023-12-11 12:24:16:897  [TID 12204   ][INFO      ] ENTER: LoadSystemControllers [dmvcframework]
2023-12-11 12:24:16:897  [TID 12204   ][INFO      ] EXIT: LoadSystemControllers [dmvcframework]
2023-12-11 12:25:23:801  [TID 17356   ][INFO      ] Default Logger initialized [dmvcframework]
2023-12-11 12:25:23:801  [TID 17356   ][INFO      ] Server started on port 8080 [dmvcframework]
2023-12-11 12:25:23:922  [TID 17356   ][INFO      ] Server started on port 8080 [dmvcframework]
2023-12-11 12:25:26:700  [TID 9764    ][INFO      ] ENTER: Config default values [dmvcframework]
2023-12-11 12:25:26:700  [TID 9764    ][INFO      ] EXIT: Config default values [dmvcframework]
2023-12-11 12:25:26:700  [TID 9764    ][INFO      ] >> Custom configuration method [dmvcframework]
2023-12-11 12:25:26:700  [TID 9764    ][INFO      ] << Custom configuration method [dmvcframework]
2023-12-11 12:25:26:700  [TID 9764    ][INFO      ] ENTER: LoadSystemControllers [dmvcframework]
2023-12-11 12:25:26:700  [TID 9764    ][INFO      ] EXIT: LoadSystemControllers [dmvcframework]
2023-12-11 12:25:27:052  [TID 9764    ][INFO      ] POST:/Utente/Aggiungi/iohfsaionbkonboaniobknao/a/a/a/a/a [0:0:0:0:0:0:0:1] -> Maincontroller.TApp1MainController.AggiungiUtente - 200 OK [dmvcframework]
2023-12-11 12:30:45:355  [TID 22152   ][INFO      ] Default Logger initialized [dmvcframework]
2023-12-11 12:30:45:355  [TID 22152   ][INFO      ] Server started on port 8080 [dmvcframework]
2023-12-11 12:30:45:477  [TID 22152   ][INFO      ] Server started on port 8080 [dmvcframework]
2023-12-11 12:30:48:784  [TID 15300   ][INFO      ] ENTER: Config default values [dmvcframework]
2023-12-11 12:30:48:784  [TID 15300   ][INFO      ] EXIT: Config default values [dmvcframework]
2023-12-11 12:30:48:784  [TID 15300   ][INFO      ] >> Custom configuration method [dmvcframework]
2023-12-11 12:30:48:784  [TID 15300   ][INFO      ] << Custom configuration method [dmvcframework]
2023-12-11 12:30:48:784  [TID 15300   ][INFO      ] ENTER: LoadSystemControllers [dmvcframework]
2023-12-11 12:30:48:784  [TID 15300   ][INFO      ] EXIT: LoadSystemControllers [dmvcframework]
2023-12-11 12:30:49:111  [TID 15300   ][INFO      ] POST:/Utente/Aggiungi/iohfsaionbkonboaniobknao/a/a/a/a/a [0:0:0:0:0:0:0:1] -> Maincontroller.TApp1MainController.AggiungiUtente - 200 OK [dmvcframework]
2023-12-11 12:31:37:168  [TID 11624   ][INFO      ] POST:/Utente/Update/iohfsaionbkonboaniobknao/a/a/a/a/permessi [0:0:0:0:0:0:0:1] -> {NOT FOUND} - 404 Not Found [dmvcframework]
2023-12-11 12:31:48:464  [TID 11624   ][ERROR     ] [EMVCException] Not Found [PathInfo "POST /Utente/Update/iohfsaionbkonboaniobknao/a/a/a/a/permessi"] (Custom message: "POST /Utente/Update/iohfsaionbkonboaniobknao/a/a/a/a/permessi") [dmvcframework]
2023-12-11 12:31:54:036  [TID 8928    ][INFO      ] Default Logger initialized [dmvcframework]
2023-12-11 12:31:54:052  [TID 8928    ][INFO      ] Server started on port 8080 [dmvcframework]
2023-12-11 12:31:54:166  [TID 8928    ][INFO      ] Server started on port 8080 [dmvcframework]
2023-12-11 12:32:34:683  [TID 12948   ][INFO      ] ENTER: Config default values [dmvcframework]
2023-12-11 12:32:34:683  [TID 12948   ][INFO      ] EXIT: Config default values [dmvcframework]
2023-12-11 12:32:34:683  [TID 12948   ][INFO      ] >> Custom configuration method [dmvcframework]
2023-12-11 12:32:34:683  [TID 12948   ][INFO      ] << Custom configuration method [dmvcframework]
2023-12-11 12:32:34:683  [TID 12948   ][INFO      ] ENTER: LoadSystemControllers [dmvcframework]
2023-12-11 12:32:34:683  [TID 12948   ][INFO      ] EXIT: LoadSystemControllers [dmvcframework]
2023-12-11 12:32:35:056  [TID 12948   ][INFO      ] POST:/Utente/Update/iohfsaionbkonboaniobknao/a/a/a/a/permessi/26 [0:0:0:0:0:0:0:1] -> Maincontroller.TApp1MainController.UpdateUtente - 200 OK [dmvcframework]
2023-12-11 12:33:22:022  [TID 22104   ][INFO      ] POST:/Utente/Remove/iohfsaionbkonboaniobknao/26 [0:0:0:0:0:0:0:1] -> Maincontroller.TApp1MainController.RemoveUtente - 200 OK [dmvcframework]
2023-12-11 12:39:15:120  [TID 25824   ][INFO      ] Default Logger initialized [dmvcframework]
2023-12-11 12:39:15:120  [TID 25824   ][INFO      ] Server started on port 8080 [dmvcframework]
2023-12-11 12:39:15:268  [TID 25824   ][INFO      ] Server started on port 8080 [dmvcframework]
2023-12-11 12:52:08:084  [TID 24744   ][INFO      ] ENTER: Config default values [dmvcframework]
2023-12-11 12:52:08:084  [TID 24744   ][INFO      ] EXIT: Config default values [dmvcframework]
2023-12-11 12:52:08:084  [TID 24744   ][INFO      ] >> Custom configuration method [dmvcframework]
2023-12-11 12:52:08:084  [TID 24744   ][INFO      ] << Custom configuration method [dmvcframework]
2023-12-11 12:52:08:084  [TID 24744   ][INFO      ] ENTER: LoadSystemControllers [dmvcframework]
2023-12-11 12:52:08:084  [TID 24744   ][INFO      ] EXIT: LoadSystemControllers [dmvcframework]
2023-12-11 12:52:08:493  [TID 25424   ][INFO      ] POST:/[object HTMLInputElement]/[object HTMLInputElement] [192.168.134.247] -> {NOT FOUND} - 404 Not Found [dmvcframework]
2023-12-11 12:52:45:866  [TID 25424   ][ERROR     ] [EMVCException] Not Found [PathInfo "POST /[object HTMLInputElement]/[object HTMLInputElement]"] (Custom message: "POST /[object HTMLInputElement]/[object HTMLInputElement]") [dmvcframework]
2023-12-11 12:52:56:043  [TID 19436   ][INFO      ] ENTER: Config default values [dmvcframework]
2023-12-11 12:52:56:043  [TID 19436   ][INFO      ] EXIT: Config default values [dmvcframework]
2023-12-11 12:52:56:043  [TID 19436   ][INFO      ] >> Custom configuration method [dmvcframework]
2023-12-11 12:52:56:043  [TID 19436   ][INFO      ] << Custom configuration method [dmvcframework]
2023-12-11 12:52:56:065  [TID 19436   ][INFO      ] ENTER: LoadSystemControllers [dmvcframework]
2023-12-11 12:52:56:065  [TID 19436   ][INFO      ] EXIT: LoadSystemControllers [dmvcframework]
2023-12-11 12:52:56:233  [TID 16200   ][INFO      ] ENTER: Config default values [dmvcframework]
2023-12-11 12:52:56:233  [TID 16200   ][INFO      ] EXIT: Config default values [dmvcframework]
2023-12-11 12:52:56:233  [TID 16200   ][INFO      ] >> Custom configuration method [dmvcframework]
2023-12-11 12:52:56:233  [TID 16200   ][INFO      ] << Custom configuration method [dmvcframework]
2023-12-11 12:52:56:233  [TID 16200   ][INFO      ] ENTER: LoadSystemControllers [dmvcframework]
2023-12-11 12:52:56:266  [TID 16200   ][INFO      ] EXIT: LoadSystemControllers [dmvcframework]
2023-12-11 12:52:58:451  [TID 23180   ][INFO      ] ENTER: Config default values [dmvcframework]
2023-12-11 12:52:58:451  [TID 23180   ][INFO      ] EXIT: Config default values [dmvcframework]
2023-12-11 12:52:58:451  [TID 23180   ][INFO      ] >> Custom configuration method [dmvcframework]
2023-12-11 12:52:58:451  [TID 23180   ][INFO      ] << Custom configuration method [dmvcframework]
2023-12-11 12:52:58:451  [TID 23180   ][INFO      ] ENTER: LoadSystemControllers [dmvcframework]
2023-12-11 12:52:58:461  [TID 23180   ][INFO      ] EXIT: LoadSystemControllers [dmvcframework]
2023-12-11 12:52:58:473  [TID 19436   ][INFO      ] POST:/[object HTMLInputElement]/[object HTMLInputElement] [192.168.134.247] -> {NOT FOUND} - 404 Not Found [dmvcframework]
2023-12-11 12:53:00:261  [TID 19436   ][ERROR     ] [EMVCException] Not Found [PathInfo "POST /[object HTMLInputElement]/[object HTMLInputElement]"] (Custom message: "POST /[object HTMLInputElement]/[object HTMLInputElement]") [dmvcframework]
2023-12-11 12:53:00:288  [TID 7132    ][INFO      ] ENTER: Config default values [dmvcframework]
2023-12-11 12:53:00:288  [TID 7132    ][INFO      ] EXIT: Config default values [dmvcframework]
2023-12-11 12:53:00:288  [TID 7132    ][INFO      ] >> Custom configuration method [dmvcframework]
2023-12-11 12:53:00:288  [TID 7132    ][INFO      ] << Custom configuration method [dmvcframework]
2023-12-11 12:53:00:288  [TID 7132    ][INFO      ] ENTER: LoadSystemControllers [dmvcframework]
2023-12-11 12:53:00:288  [TID 7132    ][INFO      ] EXIT: LoadSystemControllers [dmvcframework]
2023-12-11 12:53:00:288  [TID 16200   ][INFO      ] POST:/[object HTMLInputElement]/[object HTMLInputElement] [192.168.134.247] -> {NOT FOUND} - 404 Not Found [dmvcframework]
2023-12-11 12:53:02:730  [TID 25524   ][INFO      ] ENTER: Config default values [dmvcframework]
2023-12-11 12:53:02:730  [TID 25524   ][INFO      ] EXIT: Config default values [dmvcframework]
2023-12-11 12:53:14:503  [TID 26444   ][INFO      ] Default Logger initialized [dmvcframework]
2023-12-11 12:53:14:503  [TID 26444   ][INFO      ] Server started on port 8080 [dmvcframework]
2023-12-11 12:53:14:575  [TID 26444   ][INFO      ] Server started on port 8080 [dmvcframework]
2023-12-11 12:55:27:145  [TID 28056   ][INFO      ] ENTER: Config default values [dmvcframework]
2023-12-11 12:55:27:145  [TID 28056   ][INFO      ] EXIT: Config default values [dmvcframework]
2023-12-11 12:55:27:145  [TID 28056   ][INFO      ] >> Custom configuration method [dmvcframework]
2023-12-11 12:55:27:145  [TID 28056   ][INFO      ] << Custom configuration method [dmvcframework]
2023-12-11 12:55:27:145  [TID 28056   ][INFO      ] ENTER: LoadSystemControllers [dmvcframework]
2023-12-11 12:55:27:145  [TID 28056   ][INFO      ] EXIT: LoadSystemControllers [dmvcframework]
2023-12-11 12:55:27:185  [TID 5884    ][INFO      ] POST:/[object HTMLInputElement]/[object HTMLInputElement] [192.168.134.247] -> {NOT FOUND} - 404 Not Found [dmvcframework]
2023-12-11 12:56:08:768  [TID 5884    ][ERROR     ] [EMVCException] Not Found [PathInfo "POST /[object HTMLInputElement]/[object HTMLInputElement]"] (Custom message: "POST /[object HTMLInputElement]/[object HTMLInputElement]") [dmvcframework]
2023-12-11 12:56:15:297  [TID 17280   ][INFO      ] ENTER: Config default values [dmvcframework]
2023-12-11 12:56:15:297  [TID 17280   ][INFO      ] EXIT: Config default values [dmvcframework]
2023-12-11 12:56:15:297  [TID 17280   ][INFO      ] >> Custom configuration method [dmvcframework]
2023-12-11 12:56:15:297  [TID 17280   ][INFO      ] << Custom configuration method [dmvcframework]
2023-12-11 12:56:15:297  [TID 17280   ][INFO      ] ENTER: LoadSystemControllers [dmvcframework]
2023-12-11 12:56:15:300  [TID 17280   ][INFO      ] EXIT: LoadSystemControllers [dmvcframework]
2023-12-11 12:56:15:333  [TID 7128    ][INFO      ] ENTER: Config default values [dmvcframework]
2023-12-11 12:56:15:333  [TID 7128    ][INFO      ] EXIT: Config default values [dmvcframework]
2023-12-11 12:56:15:333  [TID 7128    ][INFO      ] >> Custom configuration method [dmvcframework]
2023-12-11 12:56:15:333  [TID 7128    ][INFO      ] << Custom configuration method [dmvcframework]
2023-12-11 12:56:15:333  [TID 7128    ][INFO      ] ENTER: LoadSystemControllers [dmvcframework]
2023-12-11 12:56:15:333  [TID 7128    ][INFO      ] EXIT: LoadSystemControllers [dmvcframework]
2023-12-11 12:56:15:349  [TID 2392    ][INFO      ] ENTER: Config default values [dmvcframework]
2023-12-11 12:56:15:349  [TID 2392    ][INFO      ] EXIT: Config default values [dmvcframework]
2023-12-11 12:56:15:349  [TID 2392    ][INFO      ] >> Custom configuration method [dmvcframework]
2023-12-11 12:56:15:349  [TID 2392    ][INFO      ] << Custom configuration method [dmvcframework]
2023-12-11 12:56:15:349  [TID 2392    ][INFO      ] ENTER: LoadSystemControllers [dmvcframework]
2023-12-11 12:56:15:349  [TID 2392    ][INFO      ] EXIT: LoadSystemControllers [dmvcframework]
2023-12-11 12:56:17:453  [TID 17280   ][INFO      ] POST:/[object HTMLInputElement]/[object HTMLInputElement] [192.168.134.247] -> {NOT FOUND} - 404 Not Found [dmvcframework]
2023-12-11 12:56:19:581  [TID 17280   ][ERROR     ] [EMVCException] Not Found [PathInfo "POST /[object HTMLInputElement]/[object HTMLInputElement]"] (Custom message: "POST /[object HTMLInputElement]/[object HTMLInputElement]") [dmvcframework]
2023-12-11 12:56:19:635  [TID 7128    ][INFO      ] POST:/[object HTMLInputElement]/[object HTMLInputElement] [192.168.134.247] -> {NOT FOUND} - 404 Not Found [dmvcframework]
2023-12-11 12:56:20:468  [TID 7128    ][ERROR     ] [EMVCException] Not Found [PathInfo "POST /[object HTMLInputElement]/[object HTMLInputElement]"] (Custom message: "POST /[object HTMLInputElement]/[object HTMLInputElement]") [dmvcframework]
2023-12-11 12:56:20:468  [TID 2392    ][INFO      ] POST:/[object HTMLInputElement]/[object HTMLInputElement] [192.168.134.247] -> {NOT FOUND} - 404 Not Found [dmvcframework]
2023-12-11 12:56:21:513  [TID 2392    ][ERROR     ] [EMVCException] Not Found [PathInfo "POST /[object HTMLInputElement]/[object HTMLInputElement]"] (Custom message: "POST /[object HTMLInputElement]/[object HTMLInputElement]") [dmvcframework]
2023-12-11 12:56:47:845  [TID 14024   ][INFO      ] Default Logger initialized [dmvcframework]
2023-12-11 12:56:47:845  [TID 14024   ][INFO      ] Server started on port 8080 [dmvcframework]
2023-12-11 12:56:47:912  [TID 14024   ][INFO      ] Server started on port 8080 [dmvcframework]
2023-12-11 12:58:07:597  [TID 15712   ][INFO      ] ENTER: Config default values [dmvcframework]
2023-12-11 12:58:07:597  [TID 15712   ][INFO      ] EXIT: Config default values [dmvcframework]
2023-12-11 12:58:07:597  [TID 15712   ][INFO      ] >> Custom configuration method [dmvcframework]
2023-12-11 12:58:07:597  [TID 15712   ][INFO      ] << Custom configuration method [dmvcframework]
2023-12-11 12:58:07:597  [TID 15712   ][INFO      ] ENTER: LoadSystemControllers [dmvcframework]
2023-12-11 12:58:07:597  [TID 15712   ][INFO      ] EXIT: LoadSystemControllers [dmvcframework]
2023-12-11 12:58:11:313  [TID 15712   ][INFO      ] POST:/Login/[object HTMLInputElement]/[object HTMLInputElement] [192.168.134.247] -> Maincontroller.TApp1MainController.LogIn - 403 Forbidden [dmvcframework]
2023-12-11 12:58:45:411  [TID 14296   ][INFO      ] POST:/Login/[object HTMLInputElement]/[object HTMLInputElement] [192.168.134.247] -> Maincontroller.TApp1MainController.LogIn - 403 Forbidden [dmvcframework]
2023-12-11 12:59:35:763  [TID 7088    ][INFO      ] POST:/Login/[object HTMLInputElement]/[object HTMLInputElement] [192.168.134.247] -> Maincontroller.TApp1MainController.LogIn - 403 Forbidden [dmvcframework]
2023-12-11 13:00:32:773  [TID 17908   ][INFO      ] POST:/Login/[object HTMLInputElement]/[object HTMLInputElement] [192.168.134.247] -> Maincontroller.TApp1MainController.LogIn - 403 Forbidden [dmvcframework]
2023-12-11 13:01:02:847  [TID 18584   ][INFO      ] POST:/Login/abdul@t.com/02046 [192.168.134.247] -> Maincontroller.TApp1MainController.LogIn - 200 OK [dmvcframework]
2023-12-11 13:04:02:161  [TID 19244   ][INFO      ] POST:/Login/abdul@t.com/02046 [192.168.134.247] -> Maincontroller.TApp1MainController.LogIn - 200 OK [dmvcframework]
2023-12-11 13:04:09:010  [TID 28056   ][INFO      ] POST:/Login/abdul@t.com/02046 [192.168.134.247] -> Maincontroller.TApp1MainController.LogIn - 200 OK [dmvcframework]
2023-12-11 13:04:36:033  [TID 8888    ][INFO      ] POST:/Login/abdul@t.com/02046 [192.168.134.247] -> Maincontroller.TApp1MainController.LogIn - 200 OK [dmvcframework]
2023-12-11 16:35:55:958  [TID 21588   ][INFO      ] Default Logger initialized [dmvcframework]
2023-12-11 16:35:55:958  [TID 21588   ][INFO      ] Server started on port 8080 [dmvcframework]
2023-12-11 16:35:56:029  [TID 21588   ][INFO      ] Server started on port 8080 [dmvcframework]
2023-12-11 16:59:31:866  [TID 17036   ][INFO      ] ENTER: Config default values [dmvcframework]
2023-12-11 16:59:31:867  [TID 17036   ][INFO      ] EXIT: Config default values [dmvcframework]
2023-12-11 16:59:31:867  [TID 17036   ][INFO      ] >> Custom configuration method [dmvcframework]
2023-12-11 16:59:31:867  [TID 17036   ][INFO      ] << Custom configuration method [dmvcframework]
2023-12-11 16:59:31:867  [TID 17036   ][INFO      ] ENTER: LoadSystemControllers [dmvcframework]
2023-12-11 16:59:31:867  [TID 17036   ][INFO      ] EXIT: LoadSystemControllers [dmvcframework]
2023-12-11 16:59:33:068  [TID 17036   ][INFO      ] GET:/Utente/GetList/ [192.168.134.27] -> Maincontroller.TApp1MainController.GetListUtenti - 200 OK [dmvcframework]
